<?xml version="1.0" encoding="UTF-8"?>
<testsuite name="ee.taltech.inbankbackend.InbankBackendApplicationTests" tests="1" skipped="0" failures="0" errors="0" timestamp="2024-04-21T03:35:58" hostname="LAPTOP-BT5SM3A5" time="0.298">
  <properties/>
  <testcase name="contextLoads()" classname="ee.taltech.inbankbackend.InbankBackendApplicationTests" time="0.298"/>
  <system-out><![CDATA[05:35:57.202 [Test worker] DEBUG org.springframework.boot.test.context.SpringBootTestContextBootstrapper - Neither @ContextConfiguration nor @ContextHierarchy found for test class [InbankBackendApplicationTests]: using SpringBootContextLoader
05:35:57.207 [Test worker] DEBUG org.springframework.test.context.support.AbstractContextLoader - Could not detect default resource locations for test class [ee.taltech.inbankbackend.InbankBackendApplicationTests]: no resource found for suffixes {-context.xml, Context.groovy}.
05:35:57.208 [Test worker] INFO org.springframework.test.context.support.AnnotationConfigContextLoaderUtils - Could not detect default configuration classes for test class [ee.taltech.inbankbackend.InbankBackendApplicationTests]: InbankBackendApplicationTests does not declare any static, non-private, non-final, nested classes annotated with @Configuration.
05:35:57.228 [Test worker] DEBUG org.springframework.boot.test.context.SpringBootTestContextBootstrapper - Using ContextCustomizers for test class [InbankBackendApplicationTests]: [DisableObservabilityContextCustomizer, PropertyMappingContextCustomizer, Customizer, ExcludeFilterContextCustomizer, DuplicateJsonObjectContextCustomizer, MockitoContextCustomizer, TestRestTemplateContextCustomizer]
05:35:57.286 [Test worker] DEBUG org.springframework.context.annotation.ClassPathScanningCandidateComponentProvider - Identified candidate component class: file [/home/drays/inbank_assignment/intern-decision-engine-backend/build/classes/java/main/ee/taltech/inbankbackend/InbankBackendApplication.class]
05:35:57.287 [Test worker] INFO org.springframework.boot.test.context.SpringBootTestContextBootstrapper - Found @SpringBootConfiguration ee.taltech.inbankbackend.InbankBackendApplication for test class ee.taltech.inbankbackend.InbankBackendApplicationTests
05:35:57.357 [Test worker] DEBUG org.springframework.test.context.util.TestContextSpringFactoriesUtils - Skipping candidate TestExecutionListener [org.springframework.test.context.transaction.TransactionalTestExecutionListener] due to a missing dependency. Specify custom TestExecutionListener classes or make the default TestExecutionListener classes and their required dependencies available. Offending class: [org/springframework/transaction/interceptor/TransactionAttributeSource]
05:35:57.358 [Test worker] DEBUG org.springframework.test.context.util.TestContextSpringFactoriesUtils - Skipping candidate TestExecutionListener [org.springframework.test.context.jdbc.SqlScriptsTestExecutionListener] due to a missing dependency. Specify custom TestExecutionListener classes or make the default TestExecutionListener classes and their required dependencies available. Offending class: [org/springframework/transaction/interceptor/TransactionAttribute]
05:35:57.360 [Test worker] DEBUG org.springframework.boot.test.context.SpringBootTestContextBootstrapper - Using TestExecutionListeners for test class [InbankBackendApplicationTests]: [ServletTestExecutionListener, DirtiesContextBeforeModesTestExecutionListener, ApplicationEventsTestExecutionListener, MockitoTestExecutionListener, DependencyInjectionTestExecutionListener, DirtiesContextTestExecutionListener, EventPublishingTestExecutionListener, RestDocsTestExecutionListener, MockRestServiceServerResetTestExecutionListener, MockMvcPrintOnlyOnFailureTestExecutionListener, WebDriverTestExecutionListener, MockWebServiceServerTestExecutionListener, ResetMocksTestExecutionListener]
05:35:57.361 [Test worker] DEBUG org.springframework.test.context.support.AbstractDirtiesContextTestExecutionListener - Before test class: class [InbankBackendApplicationTests], class annotated with @DirtiesContext [false] with mode [null]

  .   ____          _            __ _ _
 /\\ / ___'_ __ _ _(_)_ __  __ _ \ \ \ \
( ( )\___ | '_ | '_| | '_ \/ _` | \ \ \ \
 \\/  ___)| |_)| | | | | || (_| |  ) ) ) )
  '  |____| .__|_| |_|_| |_\__, | / / / /
 =========|_|==============|___/=/_/_/_/
 :: Spring Boot ::                (v3.0.4)

2024-04-21T05:35:57.568+02:00  INFO 558 --- [    Test worker] e.t.i.InbankBackendApplicationTests      : Starting InbankBackendApplicationTests using Java 17.0.10 with PID 558 (started by drays in /home/drays/inbank_assignment/intern-decision-engine-backend)
2024-04-21T05:35:57.569+02:00  INFO 558 --- [    Test worker] e.t.i.InbankBackendApplicationTests      : No active profile set, falling back to 1 default profile: "default"
2024-04-21T05:35:58.120+02:00  INFO 558 --- [    Test worker] e.t.inbankbackend.service.Decision       : Attempting to load client data...
2024-04-21T05:35:58.160+02:00  INFO 558 --- [    Test worker] e.t.inbankbackend.service.Decision       : Client data loaded successfully.
2024-04-21T05:35:58.516+02:00  INFO 558 --- [    Test worker] e.t.i.InbankBackendApplicationTests      : Started InbankBackendApplicationTests in 1.12 seconds (process running for 1.994)
]]></system-out>
  <system-err><![CDATA[]]></system-err>
</testsuite>
